{"$message_type":"diagnostic","message":"unused import: `std::fmt::Display`","code":{"code":"unused_imports","explanation":null},"level":"warning","spans":[{"file_name":"src\\parser\\ast.rs","byte_start":37,"byte_end":54,"line_start":2,"line_end":2,"column_start":5,"column_end":22,"is_primary":true,"text":[{"text":"use std::fmt::Display;","highlight_start":5,"highlight_end":22}],"label":null,"suggested_replacement":null,"suggestion_applicability":null,"expansion":null}],"children":[{"message":"`#[warn(unused_imports)]` (part of `#[warn(unused)]`) on by default","code":null,"level":"note","spans":[],"children":[],"rendered":null},{"message":"remove the whole `use` item","code":null,"level":"help","spans":[{"file_name":"src\\parser\\ast.rs","byte_start":33,"byte_end":57,"line_start":2,"line_end":3,"column_start":1,"column_end":1,"is_primary":true,"text":[{"text":"use std::fmt::Display;","highlight_start":1,"highlight_end":23},{"text":"","highlight_start":1,"highlight_end":1}],"label":null,"suggested_replacement":"","suggestion_applicability":"MachineApplicable","expansion":null}],"children":[],"rendered":null}],"rendered":"\u001b[1m\u001b[93mwarning\u001b[0m\u001b[1m\u001b[97m: unused import: `std::fmt::Display`\u001b[0m\n \u001b[1m\u001b[96m--> \u001b[0msrc\\parser\\ast.rs:2:5\n  \u001b[1m\u001b[96m|\u001b[0m\n\u001b[1m\u001b[96m2\u001b[0m \u001b[1m\u001b[96m|\u001b[0m use std::fmt::Display;\n  \u001b[1m\u001b[96m|\u001b[0m     \u001b[1m\u001b[93m^^^^^^^^^^^^^^^^^\u001b[0m\n  \u001b[1m\u001b[96m|\u001b[0m\n  \u001b[1m\u001b[96m= \u001b[0m\u001b[1m\u001b[97mnote\u001b[0m: `#[warn(unused_imports)]` (part of `#[warn(unused)]`) on by default\n\n"}
{"$message_type":"diagnostic","message":"mismatched types","code":{"code":"E0308","explanation":"Expected type did not match the received type.\n\nErroneous code examples:\n\n```compile_fail,E0308\nfn plus_one(x: i32) -> i32 {\n    x + 1\n}\n\nplus_one(\"Not a number\");\n//       ^^^^^^^^^^^^^^ expected `i32`, found `&str`\n\nif \"Not a bool\" {\n// ^^^^^^^^^^^^ expected `bool`, found `&str`\n}\n\nlet x: f32 = \"Not a float\";\n//     ---   ^^^^^^^^^^^^^ expected `f32`, found `&str`\n//     |\n//     expected due to this\n```\n\nThis error occurs when an expression was used in a place where the compiler\nexpected an expression of a different type. It can occur in several cases, the\nmost common being when calling a function and passing an argument which has a\ndifferent type than the matching type in the function declaration.\n"},"level":"error","spans":[{"file_name":"src\\parser\\mod.rs","byte_start":806,"byte_end":810,"line_start":30,"line_end":30,"column_start":35,"column_end":39,"is_primary":true,"text":[{"text":"                Ok(Expr::Variable(name))","highlight_start":35,"highlight_end":39}],"label":"expected `Token`, found `String`","suggested_replacement":null,"suggestion_applicability":null,"expansion":null},{"file_name":"src\\parser\\mod.rs","byte_start":791,"byte_end":805,"line_start":30,"line_end":30,"column_start":20,"column_end":34,"is_primary":false,"text":[{"text":"                Ok(Expr::Variable(name))","highlight_start":20,"highlight_end":34}],"label":"arguments to this enum variant are incorrect","suggested_replacement":null,"suggestion_applicability":null,"expansion":null}],"children":[{"message":"tuple variant defined here","code":null,"level":"note","spans":[{"file_name":"src\\parser\\ast.rs","byte_start":1648,"byte_end":1656,"line_start":80,"line_end":80,"column_start":5,"column_end":13,"is_primary":true,"text":[{"text":"    Variable(Token),","highlight_start":5,"highlight_end":13}],"label":null,"suggested_replacement":null,"suggestion_applicability":null,"expansion":null}],"children":[],"rendered":null}],"rendered":"\u001b[1m\u001b[91merror[E0308]\u001b[0m\u001b[1m\u001b[97m: mismatched types\u001b[0m\n  \u001b[1m\u001b[96m--> \u001b[0msrc\\parser\\mod.rs:30:35\n   \u001b[1m\u001b[96m|\u001b[0m\n\u001b[1m\u001b[96m30\u001b[0m \u001b[1m\u001b[96m|\u001b[0m                 Ok(Expr::Variable(name))\n   \u001b[1m\u001b[96m|\u001b[0m                    \u001b[1m\u001b[96m--------------\u001b[0m \u001b[1m\u001b[91m^^^^\u001b[0m \u001b[1m\u001b[91mexpected `Token`, found `String`\u001b[0m\n   \u001b[1m\u001b[96m|\u001b[0m                    \u001b[1m\u001b[96m|\u001b[0m\n   \u001b[1m\u001b[96m|\u001b[0m                    \u001b[1m\u001b[96marguments to this enum variant are incorrect\u001b[0m\n   \u001b[1m\u001b[96m|\u001b[0m\n\u001b[1m\u001b[92mnote\u001b[0m: tuple variant defined here\n  \u001b[1m\u001b[96m--> \u001b[0msrc\\parser\\ast.rs:80:5\n   \u001b[1m\u001b[96m|\u001b[0m\n\u001b[1m\u001b[96m80\u001b[0m \u001b[1m\u001b[96m|\u001b[0m     Variable(Token),\n   \u001b[1m\u001b[96m|\u001b[0m     \u001b[1m\u001b[92m^^^^^^^^\u001b[0m\n\n"}
{"$message_type":"diagnostic","message":"no method named `error` found for mutable reference `&mut parser::Parser` in the current scope","code":{"code":"E0599","explanation":"This error occurs when a method is used on a type which doesn't implement it:\n\nErroneous code example:\n\n```compile_fail,E0599\nstruct Mouth;\n\nlet x = Mouth;\nx.chocolate(); // error: no method named `chocolate` found for type `Mouth`\n               //        in the current scope\n```\n\nIn this case, you need to implement the `chocolate` method to fix the error:\n\n```\nstruct Mouth;\n\nimpl Mouth {\n    fn chocolate(&self) { // We implement the `chocolate` method here.\n        println!(\"Hmmm! I love chocolate!\");\n    }\n}\n\nlet x = Mouth;\nx.chocolate(); // ok!\n```\n"},"level":"error","spans":[{"file_name":"src\\parser\\mod.rs","byte_start":855,"byte_end":860,"line_start":32,"line_end":32,"column_start":27,"column_end":32,"is_primary":true,"text":[{"text":"            _ => Err(self.error(\"expected term\")),","highlight_start":27,"highlight_end":32}],"label":"method not found in `&mut parser::Parser`","suggested_replacement":null,"suggestion_applicability":null,"expansion":null}],"children":[],"rendered":"\u001b[1m\u001b[91merror[E0599]\u001b[0m\u001b[1m\u001b[97m: no method named `error` found for mutable reference `&mut parser::Parser` in the current scope\u001b[0m\n  \u001b[1m\u001b[96m--> \u001b[0msrc\\parser\\mod.rs:32:27\n   \u001b[1m\u001b[96m|\u001b[0m\n\u001b[1m\u001b[96m32\u001b[0m \u001b[1m\u001b[96m|\u001b[0m             _ => Err(self.error(\"expected term\")),\n   \u001b[1m\u001b[96m|\u001b[0m                           \u001b[1m\u001b[91m^^^^^\u001b[0m \u001b[1m\u001b[91mmethod not found in `&mut parser::Parser`\u001b[0m\n\n"}
{"$message_type":"diagnostic","message":"no method named `check` found for mutable reference `&mut parser::Parser` in the current scope","code":{"code":"E0599","explanation":"This error occurs when a method is used on a type which doesn't implement it:\n\nErroneous code example:\n\n```compile_fail,E0599\nstruct Mouth;\n\nlet x = Mouth;\nx.chocolate(); // error: no method named `chocolate` found for type `Mouth`\n               //        in the current scope\n```\n\nIn this case, you need to implement the `chocolate` method to fix the error:\n\n```\nstruct Mouth;\n\nimpl Mouth {\n    fn chocolate(&self) { // We implement the `chocolate` method here.\n        println!(\"Hmmm! I love chocolate!\");\n    }\n}\n\nlet x = Mouth;\nx.chocolate(); // ok!\n```\n"},"level":"error","spans":[{"file_name":"src\\parser\\mod.rs","byte_start":1651,"byte_end":1656,"line_start":66,"line_end":66,"column_start":45,"column_end":50,"is_primary":true,"text":[{"text":"        if token_types.iter().any(|&t| self.check(t)) {","highlight_start":45,"highlight_end":50}],"label":"method not found in `&mut parser::Parser`","suggested_replacement":null,"suggestion_applicability":null,"expansion":null}],"children":[],"rendered":"\u001b[1m\u001b[91merror[E0599]\u001b[0m\u001b[1m\u001b[97m: no method named `check` found for mutable reference `&mut parser::Parser` in the current scope\u001b[0m\n  \u001b[1m\u001b[96m--> \u001b[0msrc\\parser\\mod.rs:66:45\n   \u001b[1m\u001b[96m|\u001b[0m\n\u001b[1m\u001b[96m66\u001b[0m \u001b[1m\u001b[96m|\u001b[0m         if token_types.iter().any(|&t| self.check(t)) {\n   \u001b[1m\u001b[96m|\u001b[0m                                             \u001b[1m\u001b[91m^^^^^\u001b[0m \u001b[1m\u001b[91mmethod not found in `&mut parser::Parser`\u001b[0m\n\n"}
{"$message_type":"diagnostic","message":"aborting due to 3 previous errors; 1 warning emitted","code":null,"level":"error","spans":[],"children":[],"rendered":"\u001b[1m\u001b[91merror\u001b[0m\u001b[1m\u001b[97m: aborting due to 3 previous errors; 1 warning emitted\u001b[0m\n\n"}
{"$message_type":"diagnostic","message":"Some errors have detailed explanations: E0308, E0599.","code":null,"level":"failure-note","spans":[],"children":[],"rendered":"\u001b[1m\u001b[97mSome errors have detailed explanations: E0308, E0599.\u001b[0m\n"}
{"$message_type":"diagnostic","message":"For more information about an error, try `rustc --explain E0308`.","code":null,"level":"failure-note","spans":[],"children":[],"rendered":"\u001b[1m\u001b[97mFor more information about an error, try `rustc --explain E0308`.\u001b[0m\n"}
